2026-01-07 09:13:22 - phase3_processor - INFO - ================================================================================
2026-01-07 09:13:22 - phase3_processor - INFO - PHASE 3 PROCESSOR v5.0
2026-01-07 09:13:22 - phase3_processor - INFO - ================================================================================
2026-01-07 09:13:22 - phase3_processor - INFO - Replay input path: /Users/conorcharman/Documents/GitHub/txr_automation/data/sample/phase_iii/csv
2026-01-07 09:13:22 - phase3_processor - INFO - Incident files path: /Users/conorcharman/Documents/GitHub/txr_automation/data/sample/incident_code_files
2026-01-07 09:13:22 - phase3_processor - INFO - Output path: /Users/conorcharman/Documents/GitHub/txr_automation/data/output/phase_iii
2026-01-07 09:13:22 - phase3_processor - INFO - Analyzing replay files for incident codes...
2026-01-07 09:13:22 - phase3_processor - INFO - Loading and indexing 6 incident files...
2026-01-07 09:13:22 - phase3_processor - INFO - Loaded FY25 Q3 - 7_37_anon_sample.csv: 3 rows
2026-01-07 09:13:22 - phase3_processor - INFO -   - Buyer IDs: 1, Seller IDs: 0
2026-01-07 09:13:22 - phase3_processor - INFO -   - Buyer DM IDs: 0, Seller DM IDs: 0
2026-01-07 09:13:22 - phase3_processor - INFO -   - Buyer Names: 1, Seller Names: 0
2026-01-07 09:13:22 - phase3_processor - INFO -   - Buyer DM Names: 0, Seller DM Names: 0
2026-01-07 09:13:22 - phase3_processor - INFO - Loaded FY25 Q3 - 7_68_anon_sample.csv: 34 rows
2026-01-07 09:13:22 - phase3_processor - INFO -   - Buyer IDs: 1, Seller IDs: 0
2026-01-07 09:13:22 - phase3_processor - INFO -   - Buyer DM IDs: 0, Seller DM IDs: 0
2026-01-07 09:13:22 - phase3_processor - INFO -   - Buyer Names: 2, Seller Names: 0
2026-01-07 09:13:22 - phase3_processor - INFO -   - Buyer DM Names: 0, Seller DM Names: 0
2026-01-07 09:13:22 - phase3_processor - INFO - Successfully indexed 2 incident files
2026-01-07 09:13:22 - phase3_processor - INFO - Processing replay file: Replay_2025Q2_PHASE 3_Inconsistent_IDs_Summary_FINAL.csv
2026-01-07 09:13:22 - phase3_processor - INFO - Progress: 5/5 (100.0%)
2026-01-07 09:13:22 - phase3_processor - INFO - Completed Replay_2025Q2_PHASE 3_Inconsistent_IDs_Summary_FINAL.csv -> Replay_2025Q2_PHASE 3_Inconsistent_IDs_Summary_AJB.csv
2026-01-07 09:13:22 - phase3_processor - INFO - Processing replay file: Replay_2025Q2_PHASE 3_Inconsistent_Names_Summary_FINAL.csv
2026-01-07 09:13:22 - phase3_processor - INFO - Progress: 5/5 (100.0%)
2026-01-07 09:13:22 - phase3_processor - INFO - Completed Replay_2025Q2_PHASE 3_Inconsistent_Names_Summary_FINAL.csv -> Replay_2025Q2_PHASE 3_Inconsistent_Names_Summary_AJB.csv
2026-01-07 09:13:22 - phase3_processor - INFO - Total processing time: 0:00:00.003576
2026-01-07 09:13:22 - phase3_processor - INFO - ================================================================================
2026-01-07 09:13:22 - phase3_processor - INFO - PROCESSING SUMMARY
2026-01-07 09:13:22 - phase3_processor - INFO - ================================================================================
2026-01-07 09:13:22 - phase3_processor - INFO - Processing Statistics: {
  "processed_files": 0,
  "processed_records": 10,
  "successful_matches": 6,
  "not_found": 4,
  "no_corrections": 4,
  "inconsistent_corrections": 0,
  "errors": 0
}
2026-01-07 09:13:22 - phase3_processor - INFO - Incident files indexed: 2
2026-01-07 09:13:22 - phase3_processor - INFO - Total IDs indexed: 2
2026-01-07 09:13:22 - phase3_processor - INFO - Phase 3 Processor v5.0 completed successfully
2026-01-07 09:13:22 - phase3_processor - INFO - ================================================================================
2026-01-07 09:13:22 - phase3_processor - INFO - PHASE 3 PROCESSOR v5.0
2026-01-07 09:13:22 - phase3_processor - INFO - ================================================================================
2026-01-07 09:13:22 - phase3_processor - INFO - Replay input path: /Users/conorcharman/Documents/GitHub/txr_automation/data/sample/phase_iii/csv
2026-01-07 09:13:22 - phase3_processor - INFO - Incident files path: /Users/conorcharman/Documents/GitHub/txr_automation/data/sample/incident_code_files
2026-01-07 09:13:22 - phase3_processor - INFO - Output path: /Users/conorcharman/Documents/GitHub/txr_automation/data/output/phase_iii
2026-01-07 09:13:22 - phase3_processor - INFO - Analyzing replay files for incident codes...
2026-01-07 09:13:22 - phase3_processor - INFO - Loading and indexing 6 incident files...
2026-01-07 09:13:22 - phase3_processor - INFO - Loaded FY25 Q3 - 7_68_anon_sample.csv: 34 rows
2026-01-07 09:13:22 - phase3_processor - INFO -   - Buyer IDs: 1, Seller IDs: 0
2026-01-07 09:13:22 - phase3_processor - INFO -   - Buyer DM IDs: 0, Seller DM IDs: 0
2026-01-07 09:13:22 - phase3_processor - INFO -   - Buyer Names: 2, Seller Names: 0
2026-01-07 09:13:22 - phase3_processor - INFO -   - Buyer DM Names: 0, Seller DM Names: 0
2026-01-07 09:13:22 - phase3_processor - INFO - Loaded FY25 Q3 - 7_37_anon_sample.csv: 3 rows
2026-01-07 09:13:22 - phase3_processor - INFO -   - Buyer IDs: 1, Seller IDs: 0
2026-01-07 09:13:22 - phase3_processor - INFO -   - Buyer DM IDs: 0, Seller DM IDs: 0
2026-01-07 09:13:22 - phase3_processor - INFO -   - Buyer Names: 1, Seller Names: 0
2026-01-07 09:13:22 - phase3_processor - INFO -   - Buyer DM Names: 0, Seller DM Names: 0
2026-01-07 09:13:22 - phase3_processor - INFO - Successfully indexed 2 incident files
2026-01-07 09:13:22 - phase3_processor - INFO - Processing replay file: Replay_2025Q2_PHASE 3_Inconsistent_IDs_Summary_FINAL.csv
2026-01-07 09:13:22 - phase3_processor - INFO - Progress: 5/5 (100.0%)
2026-01-07 09:13:22 - phase3_processor - INFO - Completed Replay_2025Q2_PHASE 3_Inconsistent_IDs_Summary_FINAL.csv -> Replay_2025Q2_PHASE 3_Inconsistent_IDs_Summary_AJB.csv
2026-01-07 09:13:22 - phase3_processor - INFO - Processing replay file: Replay_2025Q2_PHASE 3_Inconsistent_Names_Summary_FINAL.csv
2026-01-07 09:13:22 - phase3_processor - INFO - Progress: 5/5 (100.0%)
2026-01-07 09:13:22 - phase3_processor - INFO - Completed Replay_2025Q2_PHASE 3_Inconsistent_Names_Summary_FINAL.csv -> Replay_2025Q2_PHASE 3_Inconsistent_Names_Summary_AJB.csv
2026-01-07 09:13:22 - phase3_processor - INFO - Total processing time: 0:00:00.002290
2026-01-07 09:13:22 - phase3_processor - INFO - ================================================================================
2026-01-07 09:13:22 - phase3_processor - INFO - PROCESSING SUMMARY
2026-01-07 09:13:22 - phase3_processor - INFO - ================================================================================
2026-01-07 09:13:22 - phase3_processor - INFO - Processing Statistics: {
  "processed_files": 0,
  "processed_records": 10,
  "successful_matches": 6,
  "not_found": 4,
  "no_corrections": 4,
  "inconsistent_corrections": 0,
  "errors": 0
}
2026-01-07 09:13:22 - phase3_processor - INFO - Incident files indexed: 2
2026-01-07 09:13:22 - phase3_processor - INFO - Total IDs indexed: 2
2026-01-07 09:13:22 - phase3_processor - INFO - Phase 3 Processor v5.0 completed successfully
2026-01-07 09:13:22 - phase3_processor - INFO - ================================================================================
2026-01-07 09:13:22 - phase3_processor - INFO - PHASE 3 PROCESSOR v5.0
2026-01-07 09:13:22 - phase3_processor - INFO - ================================================================================
2026-01-07 09:13:22 - phase3_processor - INFO - Replay input path: /Users/conorcharman/Documents/GitHub/txr_automation/data/sample/phase_iii/csv
2026-01-07 09:13:22 - phase3_processor - INFO - Incident files path: /Users/conorcharman/Documents/GitHub/txr_automation/data/sample/incident_code_files
2026-01-07 09:13:22 - phase3_processor - INFO - Output path: /Users/conorcharman/Documents/GitHub/txr_automation/data/output/phase_iii
2026-01-07 09:13:22 - phase3_processor - INFO - Analyzing replay files for incident codes...
2026-01-07 09:13:22 - phase3_processor - INFO - Loading and indexing 6 incident files...
2026-01-07 09:13:22 - phase3_processor - INFO - Loaded FY25 Q3 - 7_37_anon_sample.csv: 3 rows
2026-01-07 09:13:22 - phase3_processor - INFO -   - Buyer IDs: 1, Seller IDs: 0
2026-01-07 09:13:22 - phase3_processor - INFO -   - Buyer DM IDs: 0, Seller DM IDs: 0
2026-01-07 09:13:22 - phase3_processor - INFO -   - Buyer Names: 1, Seller Names: 0
2026-01-07 09:13:22 - phase3_processor - INFO -   - Buyer DM Names: 0, Seller DM Names: 0
2026-01-07 09:13:22 - phase3_processor - INFO - Loaded FY25 Q3 - 7_68_anon_sample.csv: 34 rows
2026-01-07 09:13:22 - phase3_processor - INFO -   - Buyer IDs: 1, Seller IDs: 0
2026-01-07 09:13:22 - phase3_processor - INFO -   - Buyer DM IDs: 0, Seller DM IDs: 0
2026-01-07 09:13:22 - phase3_processor - INFO -   - Buyer Names: 2, Seller Names: 0
2026-01-07 09:13:22 - phase3_processor - INFO -   - Buyer DM Names: 0, Seller DM Names: 0
2026-01-07 09:13:22 - phase3_processor - INFO - Successfully indexed 2 incident files
2026-01-07 09:13:22 - phase3_processor - INFO - Processing replay file: Replay_2025Q2_PHASE 3_Inconsistent_IDs_Summary_FINAL.csv
2026-01-07 09:13:22 - phase3_processor - INFO - Progress: 5/5 (100.0%)
2026-01-07 09:13:22 - phase3_processor - INFO - Completed Replay_2025Q2_PHASE 3_Inconsistent_IDs_Summary_FINAL.csv -> Replay_2025Q2_PHASE 3_Inconsistent_IDs_Summary_AJB.csv
2026-01-07 09:13:22 - phase3_processor - INFO - Processing replay file: Replay_2025Q2_PHASE 3_Inconsistent_Names_Summary_FINAL.csv
2026-01-07 09:13:22 - phase3_processor - INFO - Progress: 5/5 (100.0%)
2026-01-07 09:13:22 - phase3_processor - INFO - Completed Replay_2025Q2_PHASE 3_Inconsistent_Names_Summary_FINAL.csv -> Replay_2025Q2_PHASE 3_Inconsistent_Names_Summary_AJB.csv
2026-01-07 09:13:22 - phase3_processor - INFO - Total processing time: 0:00:00.002847
2026-01-07 09:13:22 - phase3_processor - INFO - ================================================================================
2026-01-07 09:13:22 - phase3_processor - INFO - PROCESSING SUMMARY
2026-01-07 09:13:22 - phase3_processor - INFO - ================================================================================
2026-01-07 09:13:22 - phase3_processor - INFO - Processing Statistics: {
  "processed_files": 0,
  "processed_records": 10,
  "successful_matches": 6,
  "not_found": 4,
  "no_corrections": 4,
  "inconsistent_corrections": 0,
  "errors": 0
}
2026-01-07 09:13:22 - phase3_processor - INFO - Incident files indexed: 2
2026-01-07 09:13:22 - phase3_processor - INFO - Total IDs indexed: 2
2026-01-07 09:13:22 - phase3_processor - INFO - Phase 3 Processor v5.0 completed successfully
