2026-01-07 09:13:22 - phase3_final_lookup - INFO - ================================================================================
2026-01-07 09:13:22 - phase3_final_lookup - INFO - PHASE 3 FINAL LOOKUP v2.0
2026-01-07 09:13:22 - phase3_final_lookup - INFO - ================================================================================
2026-01-07 09:13:22 - phase3_final_lookup - INFO - Replay input path: /Users/conorcharman/Documents/GitHub/txr_automation/data/output/phase_iii
2026-01-07 09:13:22 - phase3_final_lookup - INFO - Reference files path: /Users/conorcharman/Documents/GitHub/txr_automation/data/sample/phase_iii_final_lookup
2026-01-07 09:13:22 - phase3_final_lookup - INFO - Output path: /Users/conorcharman/Documents/GitHub/txr_automation/data/output/phase_iii_final_lookup
2026-01-07 09:13:22 - phase3_final_lookup - INFO - Discovering input files...
2026-01-07 09:13:22 - phase3_final_lookup - INFO - Found UnaVista file: UnaVista_MiFIR_Manual_Corrections_423_20180406111252.(253).csv
2026-01-07 09:13:22 - phase3_final_lookup - INFO - Found Replay IDs file: Replay_2025Q2_PHASE 3_Inconsistent_IDs_Summary_AJB.csv
2026-01-07 09:13:22 - phase3_final_lookup - INFO - Found Replay Names file: Replay_2025Q2_PHASE 3_Inconsistent_Names_Summary_AJB.csv
2026-01-07 09:13:22 - phase3_final_lookup - INFO - All required files discovered successfully
2026-01-07 09:13:22 - phase3_final_lookup - INFO - Loading indexes...
2026-01-07 09:13:22 - phase3_final_lookup - INFO - Loaded 76 incident code mappings from core library
2026-01-07 09:13:22 - phase3_final_lookup - INFO - Processing 5 records from IDs file...
2026-01-07 09:13:22 - phase3_final_lookup - INFO - Indexed 1 records from IDs
2026-01-07 09:13:22 - phase3_final_lookup - INFO - Processing 5 records from Names file...
2026-01-07 09:13:22 - phase3_final_lookup - INFO - Indexed 1 records from Names
2026-01-07 09:13:22 - phase3_final_lookup - INFO - Loading 7 UnaVista transactions...
2026-01-07 09:13:22 - phase3_final_lookup - INFO - Indexed 7 UnaVista transactions
2026-01-07 09:13:22 - phase3_final_lookup - INFO - All indexes loaded successfully
2026-01-07 09:13:22 - phase3_final_lookup - INFO - Generating output file...
2026-01-07 09:13:22 - phase3_final_lookup - INFO - Output written to: output_UnaVista_final_lookup_20260107_091322.csv
2026-01-07 09:13:22 - phase3_final_lookup - INFO - Total processing time: 0:00:00.003666
2026-01-07 09:13:22 - phase3_final_lookup - INFO - ================================================================================
2026-01-07 09:13:22 - phase3_final_lookup - INFO - PROCESSING SUMMARY
2026-01-07 09:13:22 - phase3_final_lookup - INFO - ================================================================================
2026-01-07 09:13:22 - phase3_final_lookup - INFO - Processing Statistics: {
  "processed_files": 0,
  "processed_records": 0,
  "successful_matches": 0,
  "not_found": 0,
  "no_corrections": 0,
  "inconsistent_corrections": 0,
  "errors": 0,
  "skipped_duplicates": 0,
  "full_pass": 3,
  "partial_pass": 0,
  "full_fail": 0,
  "total_replay_records": 2,
  "total_unavista_tested": 3
}
2026-01-07 09:13:22 - phase3_final_lookup - INFO - Buyer stats: {'tested': 3, 'pass': 3, 'fail': 0}
2026-01-07 09:13:22 - phase3_final_lookup - INFO - Seller stats: {'tested': 0, 'pass': 0, 'fail': 0}
2026-01-07 09:13:22 - phase3_final_lookup - INFO - Date cache entries: 10
2026-01-07 09:13:22 - phase3_final_lookup - INFO - Processing completed successfully
2026-01-07 09:13:22 - phase3_final_lookup - INFO - ================================================================================
2026-01-07 09:13:22 - phase3_final_lookup - INFO - PHASE 3 FINAL LOOKUP v2.0
2026-01-07 09:13:22 - phase3_final_lookup - INFO - ================================================================================
2026-01-07 09:13:22 - phase3_final_lookup - INFO - Replay input path: /Users/conorcharman/Documents/GitHub/txr_automation/data/output/phase_iii
2026-01-07 09:13:22 - phase3_final_lookup - INFO - Reference files path: /Users/conorcharman/Documents/GitHub/txr_automation/data/sample/phase_iii_final_lookup
2026-01-07 09:13:22 - phase3_final_lookup - INFO - Output path: /Users/conorcharman/Documents/GitHub/txr_automation/data/output/phase_iii_final_lookup
2026-01-07 09:13:22 - phase3_final_lookup - INFO - Discovering input files...
2026-01-07 09:13:22 - phase3_final_lookup - INFO - Found UnaVista file: UnaVista_MiFIR_Manual_Corrections_423_20180406111252.(253).csv
2026-01-07 09:13:22 - phase3_final_lookup - INFO - Found Replay IDs file: Replay_2025Q2_PHASE 3_Inconsistent_IDs_Summary_AJB.csv
2026-01-07 09:13:22 - phase3_final_lookup - INFO - Found Replay Names file: Replay_2025Q2_PHASE 3_Inconsistent_Names_Summary_AJB.csv
2026-01-07 09:13:22 - phase3_final_lookup - INFO - All required files discovered successfully
2026-01-07 09:13:22 - phase3_final_lookup - INFO - Loading indexes...
2026-01-07 09:13:22 - phase3_final_lookup - INFO - Loaded 76 incident code mappings from core library
2026-01-07 09:13:22 - phase3_final_lookup - INFO - Processing 5 records from IDs file...
2026-01-07 09:13:22 - phase3_final_lookup - INFO - Indexed 1 records from IDs
2026-01-07 09:13:22 - phase3_final_lookup - INFO - Processing 5 records from Names file...
2026-01-07 09:13:22 - phase3_final_lookup - INFO - Indexed 1 records from Names
2026-01-07 09:13:22 - phase3_final_lookup - INFO - Loading 7 UnaVista transactions...
2026-01-07 09:13:22 - phase3_final_lookup - INFO - Indexed 7 UnaVista transactions
2026-01-07 09:13:22 - phase3_final_lookup - INFO - All indexes loaded successfully
2026-01-07 09:13:22 - phase3_final_lookup - INFO - Generating output file...
2026-01-07 09:13:22 - phase3_final_lookup - INFO - Output written to: output_UnaVista_final_lookup_20260107_091322.csv
2026-01-07 09:13:22 - phase3_final_lookup - INFO - Total processing time: 0:00:00.004003
2026-01-07 09:13:22 - phase3_final_lookup - INFO - ================================================================================
2026-01-07 09:13:22 - phase3_final_lookup - INFO - PROCESSING SUMMARY
2026-01-07 09:13:22 - phase3_final_lookup - INFO - ================================================================================
2026-01-07 09:13:22 - phase3_final_lookup - INFO - Processing Statistics: {
  "processed_files": 0,
  "processed_records": 0,
  "successful_matches": 0,
  "not_found": 0,
  "no_corrections": 0,
  "inconsistent_corrections": 0,
  "errors": 0,
  "skipped_duplicates": 0,
  "full_pass": 3,
  "partial_pass": 0,
  "full_fail": 0,
  "total_replay_records": 2,
  "total_unavista_tested": 3
}
2026-01-07 09:13:22 - phase3_final_lookup - INFO - Buyer stats: {'tested': 3, 'pass': 3, 'fail': 0}
2026-01-07 09:13:22 - phase3_final_lookup - INFO - Seller stats: {'tested': 0, 'pass': 0, 'fail': 0}
2026-01-07 09:13:22 - phase3_final_lookup - INFO - Date cache entries: 10
2026-01-07 09:13:22 - phase3_final_lookup - INFO - Processing completed successfully
2026-01-07 09:13:22 - phase3_final_lookup - INFO - ================================================================================
2026-01-07 09:13:22 - phase3_final_lookup - INFO - PHASE 3 FINAL LOOKUP v2.0
2026-01-07 09:13:22 - phase3_final_lookup - INFO - ================================================================================
2026-01-07 09:13:22 - phase3_final_lookup - INFO - Replay input path: /Users/conorcharman/Documents/GitHub/txr_automation/data/output/phase_iii
2026-01-07 09:13:22 - phase3_final_lookup - INFO - Reference files path: /Users/conorcharman/Documents/GitHub/txr_automation/data/sample/phase_iii_final_lookup
2026-01-07 09:13:22 - phase3_final_lookup - INFO - Output path: /Users/conorcharman/Documents/GitHub/txr_automation/data/output/phase_iii_final_lookup
2026-01-07 09:13:22 - phase3_final_lookup - INFO - Discovering input files...
2026-01-07 09:13:22 - phase3_final_lookup - INFO - Found UnaVista file: UnaVista_MiFIR_Manual_Corrections_423_20180406111252.(253).csv
2026-01-07 09:13:22 - phase3_final_lookup - INFO - Found Replay IDs file: Replay_2025Q2_PHASE 3_Inconsistent_IDs_Summary_AJB.csv
2026-01-07 09:13:22 - phase3_final_lookup - INFO - Found Replay Names file: Replay_2025Q2_PHASE 3_Inconsistent_Names_Summary_AJB.csv
2026-01-07 09:13:22 - phase3_final_lookup - INFO - All required files discovered successfully
2026-01-07 09:13:22 - phase3_final_lookup - INFO - Loading indexes...
2026-01-07 09:13:22 - phase3_final_lookup - INFO - Loaded 76 incident code mappings from core library
2026-01-07 09:13:22 - phase3_final_lookup - INFO - Processing 5 records from IDs file...
2026-01-07 09:13:22 - phase3_final_lookup - INFO - Indexed 1 records from IDs
2026-01-07 09:13:22 - phase3_final_lookup - INFO - Processing 5 records from Names file...
2026-01-07 09:13:22 - phase3_final_lookup - INFO - Indexed 1 records from Names
2026-01-07 09:13:22 - phase3_final_lookup - INFO - Loading 7 UnaVista transactions...
2026-01-07 09:13:22 - phase3_final_lookup - INFO - Indexed 7 UnaVista transactions
2026-01-07 09:13:22 - phase3_final_lookup - INFO - All indexes loaded successfully
2026-01-07 09:13:22 - phase3_final_lookup - INFO - Generating output file...
2026-01-07 09:13:22 - phase3_final_lookup - INFO - Output written to: output_UnaVista_final_lookup_20260107_091322.csv
2026-01-07 09:13:22 - phase3_final_lookup - INFO - Total processing time: 0:00:00.004013
2026-01-07 09:13:22 - phase3_final_lookup - INFO - ================================================================================
2026-01-07 09:13:22 - phase3_final_lookup - INFO - PROCESSING SUMMARY
2026-01-07 09:13:22 - phase3_final_lookup - INFO - ================================================================================
2026-01-07 09:13:22 - phase3_final_lookup - INFO - Processing Statistics: {
  "processed_files": 0,
  "processed_records": 0,
  "successful_matches": 0,
  "not_found": 0,
  "no_corrections": 0,
  "inconsistent_corrections": 0,
  "errors": 0,
  "skipped_duplicates": 0,
  "full_pass": 3,
  "partial_pass": 0,
  "full_fail": 0,
  "total_replay_records": 2,
  "total_unavista_tested": 3
}
2026-01-07 09:13:22 - phase3_final_lookup - INFO - Buyer stats: {'tested': 3, 'pass': 3, 'fail': 0}
2026-01-07 09:13:22 - phase3_final_lookup - INFO - Seller stats: {'tested': 0, 'pass': 0, 'fail': 0}
2026-01-07 09:13:22 - phase3_final_lookup - INFO - Date cache entries: 10
2026-01-07 09:13:22 - phase3_final_lookup - INFO - Processing completed successfully
