2026-01-08 11:25:43 - xlsx_csv_converter - INFO - ================================================================================
2026-01-08 11:25:43 - xlsx_csv_converter - INFO - XLSX to CSV Converter v2.0
2026-01-08 11:25:43 - xlsx_csv_converter - INFO - ================================================================================
2026-01-08 11:25:43 - xlsx_csv_converter - INFO - Input directory:  /Users/conorcharman/Documents/GitHub/txr_automation/data/sample/phase_iii/xlsx
2026-01-08 11:25:43 - xlsx_csv_converter - INFO - Output directory: /Users/conorcharman/Documents/GitHub/txr_automation/data/sample/phase_iii/csv
2026-01-08 11:25:43 - xlsx_csv_converter - INFO - Log level:        INFO
2026-01-08 11:25:43 - xlsx_csv_converter - INFO - Found 2 XLSX file(s) to convert
2026-01-08 11:25:43 - xlsx_csv_converter - INFO - Using openpyxl (optimized)
2026-01-08 11:25:43 - xlsx_csv_converter - INFO - Converting: Replay_2025Q2_PHASE 3_Inconsistent_Names_Summary_anon_sample.xlsx
2026-01-08 11:25:43 - xlsx_csv_converter - INFO -   ✓ Successfully converted to: Replay_2025Q2_PHASE 3_Inconsistent_Names_Summary_anon_sample.csv
2026-01-08 11:25:43 - xlsx_csv_converter - INFO - Converting: Replay_2025Q2_PHASE 3_Inconsistent_IDs_Summary_anon_sample.xlsx
2026-01-08 11:25:43 - xlsx_csv_converter - INFO -   ✓ Successfully converted to: Replay_2025Q2_PHASE 3_Inconsistent_IDs_Summary_anon_sample.csv
2026-01-08 11:25:43 - xlsx_csv_converter - INFO - Processing Statistics: {
  "processed_files": 2,
  "processed_records": 0,
  "successful_matches": 2,
  "not_found": 0,
  "no_corrections": 0,
  "inconsistent_corrections": 0,
  "errors": 0
}
2026-01-08 11:25:43 - xlsx_csv_converter - INFO - ================================================================================
2026-01-08 11:25:43 - xlsx_csv_converter - INFO - Conversion Complete
2026-01-08 11:25:43 - xlsx_csv_converter - INFO - ================================================================================
2026-01-08 11:25:43 - xlsx_csv_converter - INFO - Successfully converted: 2/2 files
